Running via Spring preloader in process 55145
Running via Spring preloader in process 55146
Running via Spring preloader in process 55234
Running via Spring preloader in process 55235
/Users/william.andersson/.rbenv/versions/2.6.1/lib/ruby/gems/2.6.0/gems/sqlite3-1.4.1/lib/sqlite3/statement.rb:108:in `step': SQLite3::BusyException: database is locked: SELECT DISTINCT "users".* FROM "users" INNER JOIN "lunches_users" ON "users"."id" = "lunches_users"."user_id" WHERE "lunches_users"."lunch_id" = ? (ActiveRecord::StatementInvalid)
	from /Users/william.andersson/.rbenv/versions/2.6.1/lib/ruby/gems/2.6.0/gems/sqlite3-1.4.1/lib/sqlite3/statement.rb:108:in `block in each'
	from /Users/william.andersson/.rbenv/versions/2.6.1/lib/ruby/gems/2.6.0/gems/sqlite3-1.4.1/lib/sqlite3/statement.rb:107:in `loop'
	from /Users/william.andersson/.rbenv/versions/2.6.1/lib/ruby/gems/2.6.0/gems/sqlite3-1.4.1/lib/sqlite3/statement.rb:107:in `each'
	from /Users/william.andersson/.rbenv/versions/2.6.1/lib/ruby/gems/2.6.0/gems/activerecord-5.2.3/lib/active_record/connection_adapters/sqlite3_adapter.rb:234:in `to_a'
	from /Users/william.andersson/.rbenv/versions/2.6.1/lib/ruby/gems/2.6.0/gems/activerecord-5.2.3/lib/active_record/connection_adapters/sqlite3_adapter.rb:234:in `block (2 levels) in exec_query'
	from /Users/william.andersson/.rbenv/versions/2.6.1/lib/ruby/gems/2.6.0/gems/activesupport-5.2.3/lib/active_support/dependencies/interlock.rb:48:in `block in permit_concurrent_loads'
	from /Users/william.andersson/.rbenv/versions/2.6.1/lib/ruby/gems/2.6.0/gems/activesupport-5.2.3/lib/active_support/concurrency/share_lock.rb:187:in `yield_shares'
	from /Users/william.andersson/.rbenv/versions/2.6.1/lib/ruby/gems/2.6.0/gems/activesupport-5.2.3/lib/active_support/dependencies/interlock.rb:47:in `permit_concurrent_loads'
	from /Users/william.andersson/.rbenv/versions/2.6.1/lib/ruby/gems/2.6.0/gems/activerecord-5.2.3/lib/active_record/connection_adapters/sqlite3_adapter.rb:213:in `block in exec_query'
	from /Users/william.andersson/.rbenv/versions/2.6.1/lib/ruby/gems/2.6.0/gems/activerecord-5.2.3/lib/active_record/connection_adapters/abstract_adapter.rb:581:in `block (2 levels) in log'
	from /Users/william.andersson/.rbenv/versions/2.6.1/lib/ruby/2.6.0/monitor.rb:230:in `mon_synchronize'
	from /Users/william.andersson/.rbenv/versions/2.6.1/lib/ruby/gems/2.6.0/gems/activerecord-5.2.3/lib/active_record/connection_adapters/abstract_adapter.rb:580:in `block in log'
	from /Users/william.andersson/.rbenv/versions/2.6.1/lib/ruby/gems/2.6.0/gems/activesupport-5.2.3/lib/active_support/notifications/instrumenter.rb:23:in `instrument'
	from /Users/william.andersson/.rbenv/versions/2.6.1/lib/ruby/gems/2.6.0/gems/activerecord-5.2.3/lib/active_record/connection_adapters/abstract_adapter.rb:571:in `log'
	from /Users/william.andersson/.rbenv/versions/2.6.1/lib/ruby/gems/2.6.0/gems/activerecord-5.2.3/lib/active_record/connection_adapters/sqlite3_adapter.rb:212:in `exec_query'
	from /Users/william.andersson/.rbenv/versions/2.6.1/lib/ruby/gems/2.6.0/gems/activerecord-5.2.3/lib/active_record/connection_adapters/abstract/database_statements.rb:482:in `select_prepared'
	from /Users/william.andersson/.rbenv/versions/2.6.1/lib/ruby/gems/2.6.0/gems/activerecord-5.2.3/lib/active_record/connection_adapters/abstract/database_statements.rb:68:in `select_all'
	from /Users/william.andersson/.rbenv/versions/2.6.1/lib/ruby/gems/2.6.0/gems/activerecord-5.2.3/lib/active_record/connection_adapters/abstract/query_cache.rb:106:in `select_all'
	from /Users/william.andersson/.rbenv/versions/2.6.1/lib/ruby/gems/2.6.0/gems/activerecord-5.2.3/lib/active_record/querying.rb:41:in `find_by_sql'
	from /Users/william.andersson/.rbenv/versions/2.6.1/lib/ruby/gems/2.6.0/gems/activerecord-5.2.3/lib/active_record/relation.rb:560:in `block in exec_queries'
	from /Users/william.andersson/.rbenv/versions/2.6.1/lib/ruby/gems/2.6.0/gems/activerecord-5.2.3/lib/active_record/relation.rb:584:in `skip_query_cache_if_necessary'
	from /Users/william.andersson/.rbenv/versions/2.6.1/lib/ruby/gems/2.6.0/gems/activerecord-5.2.3/lib/active_record/relation.rb:547:in `exec_queries'
	from /Users/william.andersson/.rbenv/versions/2.6.1/lib/ruby/gems/2.6.0/gems/activerecord-5.2.3/lib/active_record/association_relation.rb:34:in `exec_queries'
	from /Users/william.andersson/.rbenv/versions/2.6.1/lib/ruby/gems/2.6.0/gems/activerecord-5.2.3/lib/active_record/relation.rb:422:in `load'
	from /Users/william.andersson/.rbenv/versions/2.6.1/lib/ruby/gems/2.6.0/gems/activerecord-5.2.3/lib/active_record/relation.rb:200:in `records'
	from /Users/william.andersson/.rbenv/versions/2.6.1/lib/ruby/gems/2.6.0/gems/activerecord-5.2.3/lib/active_record/relation.rb:195:in `to_ary'
	from /Users/william.andersson/.rbenv/versions/2.6.1/lib/ruby/gems/2.6.0/gems/activerecord-5.2.3/lib/active_record/associations/collection_association.rb:306:in `find_target'
	from /Users/william.andersson/.rbenv/versions/2.6.1/lib/ruby/gems/2.6.0/gems/activerecord-5.2.3/lib/active_record/associations/has_many_through_association.rb:218:in `find_target'
	from /Users/william.andersson/.rbenv/versions/2.6.1/lib/ruby/gems/2.6.0/gems/activerecord-5.2.3/lib/active_record/associations/collection_association.rb:272:in `load_target'
	from /Users/william.andersson/.rbenv/versions/2.6.1/lib/ruby/gems/2.6.0/gems/activerecord-5.2.3/lib/active_record/associations/collection_proxy.rb:46:in `load_target'
	from /Users/william.andersson/.rbenv/versions/2.6.1/lib/ruby/gems/2.6.0/gems/activerecord-5.2.3/lib/active_record/associations/collection_proxy.rb:1004:in `records'
	from /Users/william.andersson/.rbenv/versions/2.6.1/lib/ruby/gems/2.6.0/gems/activerecord-5.2.3/lib/active_record/relation/delegation.rb:71:in `shuffle'
	from /Users/william.andersson/qiao/app/models/lunch.rb:8:in `match'
	from /Users/william.andersson/.rbenv/versions/2.6.1/lib/ruby/gems/2.6.0/gems/railties-5.2.3/lib/rails/commands/runner/runner_command.rb:41:in `<main>'
	from /Users/william.andersson/.rbenv/versions/2.6.1/lib/ruby/gems/2.6.0/gems/railties-5.2.3/lib/rails/commands/runner/runner_command.rb:41:in `eval'
	from /Users/william.andersson/.rbenv/versions/2.6.1/lib/ruby/gems/2.6.0/gems/railties-5.2.3/lib/rails/commands/runner/runner_command.rb:41:in `perform'
	from /Users/william.andersson/.rbenv/versions/2.6.1/lib/ruby/gems/2.6.0/gems/thor-0.20.3/lib/thor/command.rb:27:in `run'
	from /Users/william.andersson/.rbenv/versions/2.6.1/lib/ruby/gems/2.6.0/gems/thor-0.20.3/lib/thor/invocation.rb:126:in `invoke_command'
	from /Users/william.andersson/.rbenv/versions/2.6.1/lib/ruby/gems/2.6.0/gems/thor-0.20.3/lib/thor.rb:387:in `dispatch'
	from /Users/william.andersson/.rbenv/versions/2.6.1/lib/ruby/gems/2.6.0/gems/railties-5.2.3/lib/rails/command/base.rb:65:in `perform'
	from /Users/william.andersson/.rbenv/versions/2.6.1/lib/ruby/gems/2.6.0/gems/railties-5.2.3/lib/rails/command.rb:46:in `invoke'
	from /Users/william.andersson/.rbenv/versions/2.6.1/lib/ruby/gems/2.6.0/gems/railties-5.2.3/lib/rails/commands.rb:18:in `<main>'
	from /Users/william.andersson/.rbenv/versions/2.6.1/lib/ruby/gems/2.6.0/gems/bootsnap-1.4.4/lib/bootsnap/load_path_cache/core_ext/kernel_require.rb:22:in `require'
	from /Users/william.andersson/.rbenv/versions/2.6.1/lib/ruby/gems/2.6.0/gems/bootsnap-1.4.4/lib/bootsnap/load_path_cache/core_ext/kernel_require.rb:22:in `block in require_with_bootsnap_lfi'
	from /Users/william.andersson/.rbenv/versions/2.6.1/lib/ruby/gems/2.6.0/gems/bootsnap-1.4.4/lib/bootsnap/load_path_cache/loaded_features_index.rb:92:in `register'
	from /Users/william.andersson/.rbenv/versions/2.6.1/lib/ruby/gems/2.6.0/gems/bootsnap-1.4.4/lib/bootsnap/load_path_cache/core_ext/kernel_require.rb:21:in `require_with_bootsnap_lfi'
	from /Users/william.andersson/.rbenv/versions/2.6.1/lib/ruby/gems/2.6.0/gems/bootsnap-1.4.4/lib/bootsnap/load_path_cache/core_ext/kernel_require.rb:30:in `require'
	from /Users/william.andersson/.rbenv/versions/2.6.1/lib/ruby/gems/2.6.0/gems/activesupport-5.2.3/lib/active_support/dependencies.rb:291:in `block in require'
	from /Users/william.andersson/.rbenv/versions/2.6.1/lib/ruby/gems/2.6.0/gems/activesupport-5.2.3/lib/active_support/dependencies.rb:257:in `load_dependency'
	from /Users/william.andersson/.rbenv/versions/2.6.1/lib/ruby/gems/2.6.0/gems/activesupport-5.2.3/lib/active_support/dependencies.rb:291:in `require'
	from /Users/william.andersson/qiao/bin/rails:9:in `<main>'
	from /Users/william.andersson/.rbenv/versions/2.6.1/lib/ruby/gems/2.6.0/gems/bootsnap-1.4.4/lib/bootsnap/load_path_cache/core_ext/kernel_require.rb:54:in `load'
	from /Users/william.andersson/.rbenv/versions/2.6.1/lib/ruby/gems/2.6.0/gems/bootsnap-1.4.4/lib/bootsnap/load_path_cache/core_ext/kernel_require.rb:54:in `load'
	from /Users/william.andersson/.rbenv/versions/2.6.1/lib/ruby/gems/2.6.0/gems/activesupport-5.2.3/lib/active_support/dependencies.rb:285:in `block in load'
	from /Users/william.andersson/.rbenv/versions/2.6.1/lib/ruby/gems/2.6.0/gems/activesupport-5.2.3/lib/active_support/dependencies.rb:257:in `load_dependency'
	from /Users/william.andersson/.rbenv/versions/2.6.1/lib/ruby/gems/2.6.0/gems/activesupport-5.2.3/lib/active_support/dependencies.rb:285:in `load'
	from /Users/william.andersson/.rbenv/versions/2.6.1/lib/ruby/2.6.0/rubygems/core_ext/kernel_require.rb:54:in `require'
	from /Users/william.andersson/.rbenv/versions/2.6.1/lib/ruby/2.6.0/rubygems/core_ext/kernel_require.rb:54:in `require'
	from -e:1:in `<main>'
/Users/william.andersson/.rbenv/versions/2.6.1/lib/ruby/gems/2.6.0/gems/sqlite3-1.4.1/lib/sqlite3/statement.rb:108:in `step': database is locked (SQLite3::BusyException)
	from /Users/william.andersson/.rbenv/versions/2.6.1/lib/ruby/gems/2.6.0/gems/sqlite3-1.4.1/lib/sqlite3/statement.rb:108:in `block in each'
	from /Users/william.andersson/.rbenv/versions/2.6.1/lib/ruby/gems/2.6.0/gems/sqlite3-1.4.1/lib/sqlite3/statement.rb:107:in `loop'
	from /Users/william.andersson/.rbenv/versions/2.6.1/lib/ruby/gems/2.6.0/gems/sqlite3-1.4.1/lib/sqlite3/statement.rb:107:in `each'
	from /Users/william.andersson/.rbenv/versions/2.6.1/lib/ruby/gems/2.6.0/gems/activerecord-5.2.3/lib/active_record/connection_adapters/sqlite3_adapter.rb:234:in `to_a'
	from /Users/william.andersson/.rbenv/versions/2.6.1/lib/ruby/gems/2.6.0/gems/activerecord-5.2.3/lib/active_record/connection_adapters/sqlite3_adapter.rb:234:in `block (2 levels) in exec_query'
	from /Users/william.andersson/.rbenv/versions/2.6.1/lib/ruby/gems/2.6.0/gems/activesupport-5.2.3/lib/active_support/dependencies/interlock.rb:48:in `block in permit_concurrent_loads'
	from /Users/william.andersson/.rbenv/versions/2.6.1/lib/ruby/gems/2.6.0/gems/activesupport-5.2.3/lib/active_support/concurrency/share_lock.rb:187:in `yield_shares'
	from /Users/william.andersson/.rbenv/versions/2.6.1/lib/ruby/gems/2.6.0/gems/activesupport-5.2.3/lib/active_support/dependencies/interlock.rb:47:in `permit_concurrent_loads'
	from /Users/william.andersson/.rbenv/versions/2.6.1/lib/ruby/gems/2.6.0/gems/activerecord-5.2.3/lib/active_record/connection_adapters/sqlite3_adapter.rb:213:in `block in exec_query'
	from /Users/william.andersson/.rbenv/versions/2.6.1/lib/ruby/gems/2.6.0/gems/activerecord-5.2.3/lib/active_record/connection_adapters/abstract_adapter.rb:581:in `block (2 levels) in log'
	from /Users/william.andersson/.rbenv/versions/2.6.1/lib/ruby/2.6.0/monitor.rb:230:in `mon_synchronize'
	from /Users/william.andersson/.rbenv/versions/2.6.1/lib/ruby/gems/2.6.0/gems/activerecord-5.2.3/lib/active_record/connection_adapters/abstract_adapter.rb:580:in `block in log'
	from /Users/william.andersson/.rbenv/versions/2.6.1/lib/ruby/gems/2.6.0/gems/activesupport-5.2.3/lib/active_support/notifications/instrumenter.rb:23:in `instrument'
	from /Users/william.andersson/.rbenv/versions/2.6.1/lib/ruby/gems/2.6.0/gems/activerecord-5.2.3/lib/active_record/connection_adapters/abstract_adapter.rb:571:in `log'
	from /Users/william.andersson/.rbenv/versions/2.6.1/lib/ruby/gems/2.6.0/gems/activerecord-5.2.3/lib/active_record/connection_adapters/sqlite3_adapter.rb:212:in `exec_query'
	from /Users/william.andersson/.rbenv/versions/2.6.1/lib/ruby/gems/2.6.0/gems/activerecord-5.2.3/lib/active_record/connection_adapters/abstract/database_statements.rb:482:in `select_prepared'
	from /Users/william.andersson/.rbenv/versions/2.6.1/lib/ruby/gems/2.6.0/gems/activerecord-5.2.3/lib/active_record/connection_adapters/abstract/database_statements.rb:68:in `select_all'
	from /Users/william.andersson/.rbenv/versions/2.6.1/lib/ruby/gems/2.6.0/gems/activerecord-5.2.3/lib/active_record/connection_adapters/abstract/query_cache.rb:106:in `select_all'
	from /Users/william.andersson/.rbenv/versions/2.6.1/lib/ruby/gems/2.6.0/gems/activerecord-5.2.3/lib/active_record/querying.rb:41:in `find_by_sql'
	from /Users/william.andersson/.rbenv/versions/2.6.1/lib/ruby/gems/2.6.0/gems/activerecord-5.2.3/lib/active_record/relation.rb:560:in `block in exec_queries'
	from /Users/william.andersson/.rbenv/versions/2.6.1/lib/ruby/gems/2.6.0/gems/activerecord-5.2.3/lib/active_record/relation.rb:584:in `skip_query_cache_if_necessary'
	from /Users/william.andersson/.rbenv/versions/2.6.1/lib/ruby/gems/2.6.0/gems/activerecord-5.2.3/lib/active_record/relation.rb:547:in `exec_queries'
	from /Users/william.andersson/.rbenv/versions/2.6.1/lib/ruby/gems/2.6.0/gems/activerecord-5.2.3/lib/active_record/association_relation.rb:34:in `exec_queries'
	from /Users/william.andersson/.rbenv/versions/2.6.1/lib/ruby/gems/2.6.0/gems/activerecord-5.2.3/lib/active_record/relation.rb:422:in `load'
	from /Users/william.andersson/.rbenv/versions/2.6.1/lib/ruby/gems/2.6.0/gems/activerecord-5.2.3/lib/active_record/relation.rb:200:in `records'
	from /Users/william.andersson/.rbenv/versions/2.6.1/lib/ruby/gems/2.6.0/gems/activerecord-5.2.3/lib/active_record/relation.rb:195:in `to_ary'
	from /Users/william.andersson/.rbenv/versions/2.6.1/lib/ruby/gems/2.6.0/gems/activerecord-5.2.3/lib/active_record/associations/collection_association.rb:306:in `find_target'
	from /Users/william.andersson/.rbenv/versions/2.6.1/lib/ruby/gems/2.6.0/gems/activerecord-5.2.3/lib/active_record/associations/has_many_through_association.rb:218:in `find_target'
	from /Users/william.andersson/.rbenv/versions/2.6.1/lib/ruby/gems/2.6.0/gems/activerecord-5.2.3/lib/active_record/associations/collection_association.rb:272:in `load_target'
	from /Users/william.andersson/.rbenv/versions/2.6.1/lib/ruby/gems/2.6.0/gems/activerecord-5.2.3/lib/active_record/associations/collection_proxy.rb:46:in `load_target'
	from /Users/william.andersson/.rbenv/versions/2.6.1/lib/ruby/gems/2.6.0/gems/activerecord-5.2.3/lib/active_record/associations/collection_proxy.rb:1004:in `records'
	from /Users/william.andersson/.rbenv/versions/2.6.1/lib/ruby/gems/2.6.0/gems/activerecord-5.2.3/lib/active_record/relation/delegation.rb:71:in `shuffle'
	from /Users/william.andersson/qiao/app/models/lunch.rb:8:in `match'
	from /Users/william.andersson/.rbenv/versions/2.6.1/lib/ruby/gems/2.6.0/gems/railties-5.2.3/lib/rails/commands/runner/runner_command.rb:41:in `<main>'
	from /Users/william.andersson/.rbenv/versions/2.6.1/lib/ruby/gems/2.6.0/gems/railties-5.2.3/lib/rails/commands/runner/runner_command.rb:41:in `eval'
	from /Users/william.andersson/.rbenv/versions/2.6.1/lib/ruby/gems/2.6.0/gems/railties-5.2.3/lib/rails/commands/runner/runner_command.rb:41:in `perform'
	from /Users/william.andersson/.rbenv/versions/2.6.1/lib/ruby/gems/2.6.0/gems/thor-0.20.3/lib/thor/command.rb:27:in `run'
	from /Users/william.andersson/.rbenv/versions/2.6.1/lib/ruby/gems/2.6.0/gems/thor-0.20.3/lib/thor/invocation.rb:126:in `invoke_command'
	from /Users/william.andersson/.rbenv/versions/2.6.1/lib/ruby/gems/2.6.0/gems/thor-0.20.3/lib/thor.rb:387:in `dispatch'
	from /Users/william.andersson/.rbenv/versions/2.6.1/lib/ruby/gems/2.6.0/gems/railties-5.2.3/lib/rails/command/base.rb:65:in `perform'
	from /Users/william.andersson/.rbenv/versions/2.6.1/lib/ruby/gems/2.6.0/gems/railties-5.2.3/lib/rails/command.rb:46:in `invoke'
	from /Users/william.andersson/.rbenv/versions/2.6.1/lib/ruby/gems/2.6.0/gems/railties-5.2.3/lib/rails/commands.rb:18:in `<main>'
	from /Users/william.andersson/.rbenv/versions/2.6.1/lib/ruby/gems/2.6.0/gems/bootsnap-1.4.4/lib/bootsnap/load_path_cache/core_ext/kernel_require.rb:22:in `require'
	from /Users/william.andersson/.rbenv/versions/2.6.1/lib/ruby/gems/2.6.0/gems/bootsnap-1.4.4/lib/bootsnap/load_path_cache/core_ext/kernel_require.rb:22:in `block in require_with_bootsnap_lfi'
	from /Users/william.andersson/.rbenv/versions/2.6.1/lib/ruby/gems/2.6.0/gems/bootsnap-1.4.4/lib/bootsnap/load_path_cache/loaded_features_index.rb:92:in `register'
	from /Users/william.andersson/.rbenv/versions/2.6.1/lib/ruby/gems/2.6.0/gems/bootsnap-1.4.4/lib/bootsnap/load_path_cache/core_ext/kernel_require.rb:21:in `require_with_bootsnap_lfi'
	from /Users/william.andersson/.rbenv/versions/2.6.1/lib/ruby/gems/2.6.0/gems/bootsnap-1.4.4/lib/bootsnap/load_path_cache/core_ext/kernel_require.rb:30:in `require'
	from /Users/william.andersson/.rbenv/versions/2.6.1/lib/ruby/gems/2.6.0/gems/activesupport-5.2.3/lib/active_support/dependencies.rb:291:in `block in require'
	from /Users/william.andersson/.rbenv/versions/2.6.1/lib/ruby/gems/2.6.0/gems/activesupport-5.2.3/lib/active_support/dependencies.rb:257:in `load_dependency'
	from /Users/william.andersson/.rbenv/versions/2.6.1/lib/ruby/gems/2.6.0/gems/activesupport-5.2.3/lib/active_support/dependencies.rb:291:in `require'
	from /Users/william.andersson/qiao/bin/rails:9:in `<main>'
	from /Users/william.andersson/.rbenv/versions/2.6.1/lib/ruby/gems/2.6.0/gems/bootsnap-1.4.4/lib/bootsnap/load_path_cache/core_ext/kernel_require.rb:54:in `load'
	from /Users/william.andersson/.rbenv/versions/2.6.1/lib/ruby/gems/2.6.0/gems/bootsnap-1.4.4/lib/bootsnap/load_path_cache/core_ext/kernel_require.rb:54:in `load'
	from /Users/william.andersson/.rbenv/versions/2.6.1/lib/ruby/gems/2.6.0/gems/activesupport-5.2.3/lib/active_support/dependencies.rb:285:in `block in load'
	from /Users/william.andersson/.rbenv/versions/2.6.1/lib/ruby/gems/2.6.0/gems/activesupport-5.2.3/lib/active_support/dependencies.rb:257:in `load_dependency'
	from /Users/william.andersson/.rbenv/versions/2.6.1/lib/ruby/gems/2.6.0/gems/activesupport-5.2.3/lib/active_support/dependencies.rb:285:in `load'
	from /Users/william.andersson/.rbenv/versions/2.6.1/lib/ruby/2.6.0/rubygems/core_ext/kernel_require.rb:54:in `require'
	from /Users/william.andersson/.rbenv/versions/2.6.1/lib/ruby/2.6.0/rubygems/core_ext/kernel_require.rb:54:in `require'
	from -e:1:in `<main>'
Running via Spring preloader in process 55465
Running via Spring preloader in process 55466
/Users/william.andersson/.rbenv/versions/2.6.1/lib/ruby/gems/2.6.0/gems/railties-5.2.3/lib/rails/application.rb:585:in `validate_secret_key_base': Missing `secret_key_base` for 'production' environment, set this string with `rails credentials:edit` (ArgumentError)
	from /Users/william.andersson/.rbenv/versions/2.6.1/lib/ruby/gems/2.6.0/gems/railties-5.2.3/lib/rails/application.rb:432:in `secret_key_base'
	from /Users/william.andersson/.rbenv/versions/2.6.1/lib/ruby/gems/2.6.0/gems/devise-4.6.2/lib/devise/secret_key_finder.rb:24:in `key_exists?'
	from /Users/william.andersson/.rbenv/versions/2.6.1/lib/ruby/gems/2.6.0/gems/devise-4.6.2/lib/devise/secret_key_finder.rb:16:in `find'
	from /Users/william.andersson/.rbenv/versions/2.6.1/lib/ruby/gems/2.6.0/gems/devise-4.6.2/lib/devise/rails.rb:37:in `block in <class:Engine>'
	from /Users/william.andersson/.rbenv/versions/2.6.1/lib/ruby/gems/2.6.0/gems/railties-5.2.3/lib/rails/initializable.rb:32:in `instance_exec'
	from /Users/william.andersson/.rbenv/versions/2.6.1/lib/ruby/gems/2.6.0/gems/railties-5.2.3/lib/rails/initializable.rb:32:in `run'
	from /Users/william.andersson/.rbenv/versions/2.6.1/lib/ruby/gems/2.6.0/gems/railties-5.2.3/lib/rails/initializable.rb:61:in `block in run_initializers'
	from /Users/william.andersson/.rbenv/versions/2.6.1/lib/ruby/2.6.0/tsort.rb:228:in `block in tsort_each'
	from /Users/william.andersson/.rbenv/versions/2.6.1/lib/ruby/2.6.0/tsort.rb:350:in `block (2 levels) in each_strongly_connected_component'
	from /Users/william.andersson/.rbenv/versions/2.6.1/lib/ruby/2.6.0/tsort.rb:431:in `each_strongly_connected_component_from'
	from /Users/william.andersson/.rbenv/versions/2.6.1/lib/ruby/2.6.0/tsort.rb:349:in `block in each_strongly_connected_component'
	from /Users/william.andersson/.rbenv/versions/2.6.1/lib/ruby/2.6.0/tsort.rb:347:in `each'
	from /Users/william.andersson/.rbenv/versions/2.6.1/lib/ruby/2.6.0/tsort.rb:347:in `call'
	from /Users/william.andersson/.rbenv/versions/2.6.1/lib/ruby/2.6.0/tsort.rb:347:in `each_strongly_connected_component'
	from /Users/william.andersson/.rbenv/versions/2.6.1/lib/ruby/2.6.0/tsort.rb:226:in `tsort_each'
	from /Users/william.andersson/.rbenv/versions/2.6.1/lib/ruby/2.6.0/tsort.rb:205:in `tsort_each'
	from /Users/william.andersson/.rbenv/versions/2.6.1/lib/ruby/gems/2.6.0/gems/railties-5.2.3/lib/rails/initializable.rb:60:in `run_initializers'
	from /Users/william.andersson/.rbenv/versions/2.6.1/lib/ruby/gems/2.6.0/gems/railties-5.2.3/lib/rails/application.rb:361:in `initialize!'
	from /Users/william.andersson/qiao/config/environment.rb:15:in `<main>'
	from /Users/william.andersson/.rbenv/versions/2.6.1/lib/ruby/gems/2.6.0/gems/bootsnap-1.4.4/lib/bootsnap/load_path_cache/core_ext/kernel_require.rb:22:in `require'
	from /Users/william.andersson/.rbenv/versions/2.6.1/lib/ruby/gems/2.6.0/gems/bootsnap-1.4.4/lib/bootsnap/load_path_cache/core_ext/kernel_require.rb:22:in `block in require_with_bootsnap_lfi'
	from /Users/william.andersson/.rbenv/versions/2.6.1/lib/ruby/gems/2.6.0/gems/bootsnap-1.4.4/lib/bootsnap/load_path_cache/loaded_features_index.rb:92:in `register'
	from /Users/william.andersson/.rbenv/versions/2.6.1/lib/ruby/gems/2.6.0/gems/bootsnap-1.4.4/lib/bootsnap/load_path_cache/core_ext/kernel_require.rb:21:in `require_with_bootsnap_lfi'
	from /Users/william.andersson/.rbenv/versions/2.6.1/lib/ruby/gems/2.6.0/gems/bootsnap-1.4.4/lib/bootsnap/load_path_cache/core_ext/kernel_require.rb:30:in `require'
	from /Users/william.andersson/.rbenv/versions/2.6.1/lib/ruby/gems/2.6.0/gems/activesupport-5.2.3/lib/active_support/dependencies.rb:291:in `block in require'
	from /Users/william.andersson/.rbenv/versions/2.6.1/lib/ruby/gems/2.6.0/gems/activesupport-5.2.3/lib/active_support/dependencies.rb:257:in `load_dependency'
	from /Users/william.andersson/.rbenv/versions/2.6.1/lib/ruby/gems/2.6.0/gems/activesupport-5.2.3/lib/active_support/dependencies.rb:291:in `require'
	from /Users/william.andersson/.rbenv/versions/2.6.1/lib/ruby/gems/2.6.0/gems/spring-2.0.2/lib/spring/application.rb:102:in `preload'
	from /Users/william.andersson/.rbenv/versions/2.6.1/lib/ruby/gems/2.6.0/gems/spring-2.0.2/lib/spring/application.rb:153:in `serve'
	from /Users/william.andersson/.rbenv/versions/2.6.1/lib/ruby/gems/2.6.0/gems/spring-2.0.2/lib/spring/application.rb:141:in `block in run'
	from /Users/william.andersson/.rbenv/versions/2.6.1/lib/ruby/gems/2.6.0/gems/spring-2.0.2/lib/spring/application.rb:135:in `loop'
	from /Users/william.andersson/.rbenv/versions/2.6.1/lib/ruby/gems/2.6.0/gems/spring-2.0.2/lib/spring/application.rb:135:in `run'
	from /Users/william.andersson/.rbenv/versions/2.6.1/lib/ruby/gems/2.6.0/gems/spring-2.0.2/lib/spring/application/boot.rb:19:in `<top (required)>'
	from /Users/william.andersson/.rbenv/versions/2.6.1/lib/ruby/2.6.0/rubygems/core_ext/kernel_require.rb:54:in `require'
	from /Users/william.andersson/.rbenv/versions/2.6.1/lib/ruby/2.6.0/rubygems/core_ext/kernel_require.rb:54:in `require'
	from -e:1:in `<main>'
Running via Spring preloader in process 55662
Running via Spring preloader in process 55715
Running via Spring preloader in process 55813
Running via Spring preloader in process 60527
Running via Spring preloader in process 92687
